Batch 0, 0.0% of total tokens
GPU 0: 14880 MB free
encoded shape: torch.Size([2, 1897]), mem: 30352
Batch 1, 2.4% of total tokens
GPU 0: 8968 MB free
encoded shape: torch.Size([2, 1815]), mem: 29040
Batch 2, 5.8% of total tokens
GPU 0: 8464 MB free
encoded shape: torch.Size([2, 1064]), mem: 17024
Batch 3, 7.2% of total tokens
GPU 0: 9564 MB free
encoded shape: torch.Size([2, 1237]), mem: 19792
Batch 4, 8.6% of total tokens
GPU 0: 9564 MB free
encoded shape: torch.Size([2, 1050]), mem: 16800
Batch 5, 10.1% of total tokens
GPU 0: 10068 MB free
encoded shape: torch.Size([2, 344]), mem: 5504
Batch 6, 10.7% of total tokens
GPU 0: 10618 MB free
encoded shape: torch.Size([2, 436]), mem: 6976
Batch 7, 11.3% of total tokens
GPU 0: 11168 MB free
encoded shape: torch.Size([2, 485]), mem: 7760
Batch 8, 12.3% of total tokens
GPU 0: 11718 MB free
encoded shape: torch.Size([2, 1786]), mem: 28576
Batch 9, 14.1% of total tokens
GPU 0: 8796 MB free
encoded shape: torch.Size([2, 1031]), mem: 16496
Batch 10, 15.8% of total tokens
GPU 0: 9770 MB free
encoded shape: torch.Size([2, 1086]), mem: 17376
Batch 11, 17.5% of total tokens
GPU 0: 9770 MB free
encoded shape: torch.Size([2, 786]), mem: 12576
Batch 12, 18.6% of total tokens
GPU 0: 9770 MB free
encoded shape: torch.Size([2, 299]), mem: 4784
Batch 13, 19.2% of total tokens
GPU 0: 9770 MB free
encoded shape: torch.Size([2, 4096]), mem: 65536

JOB STATISTICS
==============
Job ID: 4150289
Cluster: snellius
User/Group: tvdweij/tvdweij
State: RUNNING
Nodes: 1
Cores per node: 18
CPU Utilized: 00:00:00
CPU Efficiency: 0.00% of 00:29:24 core-walltime
Job Wall-clock time: 00:01:38
Memory Utilized: 0.00 MB (estimated maximum)
Memory Efficiency: 0.00% of 40.00 GB (40.00 GB/node)
WARNING: Efficiency statistics may be misleading for RUNNING jobs.
