Batch 0, 0.0% of total tokens
encoded shape: torch.Size([2, 1897])
torch.Size([2, 1897]) tensor([[    1,   306,   626,  ..., 29915, 29879, 11296],
        [    1,   383, 17118,  ...,     2,     2,     2]], device='cuda:0')
torch.Size([2, 1897, 32000]) tensor([[[-12.8281,  -7.4336,  -0.4663,  ...,  -6.7852,  -8.0156,  -7.5117],
         [ -9.5234, -12.2109,  -1.1113,  ...,  -5.0586,  -8.9297,  -3.6445],
         [ -7.0859,  -4.5195,   2.1602,  ...,  -1.8867,  -5.7227,  -1.9580],
         ...,
         [ -4.1016,   1.7344,   8.4453,  ...,   0.3958,  -1.0039,  -0.0556],
         [ -1.1416,  -2.6855,  10.9141,  ...,  -1.7812,  -0.9092,  -0.3237],
         [ -9.2344,  -5.7461,   6.5938,  ...,  -4.1758,  -7.0938,  -5.3984]],

        [[-12.8281,  -7.4336,  -0.4663,  ...,  -6.7852,  -8.0156,  -7.5117],
         [ -8.5312,  -8.4844,   0.3208,  ...,  -3.6094,  -5.6875,  -5.5352],
         [ -4.2969,   0.4548,   5.2500,  ...,   2.0820,  -0.5454,   0.1738],
         ...,
         [ -9.3594,   3.3066,   2.7988,  ...,  -3.7773,  -4.9766,  -2.5410],
         [ -9.4531,   2.5254,   2.6426,  ...,  -3.8535,  -4.9883,  -2.7422],
         [ -9.4688,   2.0020,   2.5117,  ...,  -3.9004,  -5.0078,  -2.8945]]],
       device='cuda:0')
torch.Size([2, 1897, 1]) tensor([[[  917],
         [29915],
         [  263],
         ...,
         [29879],
         [  470],
         [ 3045]],

        [[  917],
         [ 4015],
         [  568],
         ...,
         [    3],
         [    3],
         [    3]]], device='cuda:0')
torch.Size([2, 1897, 10]) tensor([[[  917,   396,   450,  ...,   319,   306,   512],
         [29915, 30010,   505,  ...,  1348,  5360,   864],
         [  263,   451,   385,  ...,  5007, 22301,   278],
         ...,
         [29879,   269,   845,  ..., 29881,   893, 29973],
         [  470,   322,   297,  ..., 29889,   304,   408],
         [ 3045,    13,   636,  ...,  2056,   354,   272]],

        [[  917,   396,   450,  ...,   319,   306,   512],
         [ 4015,  7261, 10904,  ...,  7698,   277,   271],
         [  568,  3246,   519,  ...,  3097, 29892,   278],
         ...,
         [    3, 29949,    13,  ..., 29909, 29924,  9137],
         [    3, 29949,    13,  ..., 29909, 29924,  9137],
         [    3, 29949,    13,  ..., 29871, 29902,  9137]]], device='cuda:0')
Written to json file succesfully for 1 batches!

JOB STATISTICS
==============
Job ID: 4198808
Cluster: snellius
User/Group: tvdweij/tvdweij
State: RUNNING
Nodes: 1
Cores per node: 18
CPU Utilized: 00:00:00
CPU Efficiency: 0.00% of 00:11:42 core-walltime
Job Wall-clock time: 00:00:39
Memory Utilized: 0.00 MB (estimated maximum)
Memory Efficiency: 0.00% of 40.00 GB (40.00 GB/node)
WARNING: Efficiency statistics may be misleading for RUNNING jobs.
