Batch 0, 0.0% of total tokens
GPU 0: 26992 MB free
encoded shape: torch.Size([2, 1897]), mem: 30352
Batch 1, 2.4% of total tokens
GPU 0: 22684 MB free
encoded shape: torch.Size([2, 1815]), mem: 29040
Batch 2, 5.8% of total tokens
GPU 0: 22758 MB free
encoded shape: torch.Size([2, 1064]), mem: 17024
Batch 3, 7.2% of total tokens
GPU 0: 23564 MB free
encoded shape: torch.Size([2, 1237]), mem: 19792
Batch 4, 8.6% of total tokens
GPU 0: 23564 MB free
encoded shape: torch.Size([2, 1050]), mem: 16800
Batch 5, 10.1% of total tokens
GPU 0: 23564 MB free
encoded shape: torch.Size([2, 344]), mem: 5504
Batch 6, 10.7% of total tokens
GPU 0: 24004 MB free
encoded shape: torch.Size([2, 436]), mem: 6976
Batch 7, 11.3% of total tokens
GPU 0: 24884 MB free
encoded shape: torch.Size([2, 485]), mem: 7760
Batch 8, 12.3% of total tokens
GPU 0: 25324 MB free
encoded shape: torch.Size([2, 1786]), mem: 28576
Batch 9, 14.1% of total tokens
GPU 0: 22594 MB free
encoded shape: torch.Size([2, 1031]), mem: 16496
Batch 10, 15.8% of total tokens
GPU 0: 23374 MB free
encoded shape: torch.Size([2, 1086]), mem: 17376
Batch 11, 17.5% of total tokens
GPU 0: 23764 MB free
encoded shape: torch.Size([2, 786]), mem: 12576
Batch 12, 18.6% of total tokens
GPU 0: 24214 MB free
encoded shape: torch.Size([2, 299]), mem: 4784
Batch 13, 19.2% of total tokens
GPU 0: 24604 MB free
encoded shape: torch.Size([2, 4096]), mem: 65536
Batch 14, 23.6% of total tokens
GPU 0: 16592 MB free
encoded shape: torch.Size([2, 1771]), mem: 28336
Batch 15, 26.5% of total tokens
GPU 0: 16592 MB free
encoded shape: torch.Size([2, 320]), mem: 5120
Batch 16, 26.9% of total tokens
GPU 0: 19520 MB free
encoded shape: torch.Size([2, 4096]), mem: 65536
Batch 17, 31.3% of total tokens
GPU 0: 17472 MB free
encoded shape: torch.Size([2, 4096]), mem: 65536
Batch 18, 35.7% of total tokens
GPU 0: 15422 MB free
encoded shape: torch.Size([2, 4096]), mem: 65536
Batch 19, 40.6% of total tokens
GPU 0: 15424 MB free
encoded shape: torch.Size([2, 810]), mem: 12960
Batch 20, 41.6% of total tokens
GPU 0: 18252 MB free
encoded shape: torch.Size([2, 1700]), mem: 27200
Batch 21, 43.5% of total tokens
GPU 0: 22348 MB free
encoded shape: torch.Size([2, 4096]), mem: 65536
Batch 22, 47.8% of total tokens
GPU 0: 14156 MB free
encoded shape: torch.Size([2, 576]), mem: 9216
Batch 23, 48.8% of total tokens
GPU 0: 18692 MB free
encoded shape: torch.Size([2, 462]), mem: 7392
Batch 24, 49.3% of total tokens
GPU 0: 18692 MB free
encoded shape: torch.Size([2, 707]), mem: 11312
Batch 25, 50.3% of total tokens
GPU 0: 18692 MB free
encoded shape: torch.Size([2, 2288]), mem: 36608
Batch 26, 52.7% of total tokens
GPU 0: 20740 MB free
encoded shape: torch.Size([2, 2906]), mem: 46496
Batch 27, 56.0% of total tokens
GPU 0: 19708 MB free
encoded shape: torch.Size([2, 1490]), mem: 23840
Batch 28, 58.1% of total tokens
GPU 0: 19708 MB free
encoded shape: torch.Size([2, 598]), mem: 9568
Batch 29, 58.8% of total tokens
GPU 0: 22788 MB free
encoded shape: torch.Size([2, 354]), mem: 5664
Batch 30, 59.3% of total tokens
GPU 0: 22788 MB free
encoded shape: torch.Size([2, 1076]), mem: 17216
Batch 31, 60.6% of total tokens
GPU 0: 22788 MB free
encoded shape: torch.Size([2, 4096]), mem: 65536
Batch 32, 65.3% of total tokens
GPU 0: 14596 MB free
encoded shape: torch.Size([2, 4096]), mem: 65536
Batch 33, 73.5% of total tokens
GPU 0: 16642 MB free
encoded shape: torch.Size([2, 696]), mem: 11136
Batch 34, 74.7% of total tokens
GPU 0: 18692 MB free
encoded shape: torch.Size([2, 93]), mem: 1488
Batch 35, 74.8% of total tokens
GPU 0: 18692 MB free
encoded shape: torch.Size([2, 333]), mem: 5328
Batch 36, 75.3% of total tokens
GPU 0: 18692 MB free
encoded shape: torch.Size([2, 357]), mem: 5712
Batch 37, 75.9% of total tokens
GPU 0: 18692 MB free
encoded shape: torch.Size([2, 3016]), mem: 48256
Batch 38, 79.1% of total tokens
GPU 0: 20740 MB free
encoded shape: torch.Size([2, 457]), mem: 7312
Batch 39, 80.0% of total tokens
GPU 0: 20740 MB free
encoded shape: torch.Size([2, 297]), mem: 4752
Batch 40, 80.5% of total tokens
GPU 0: 20740 MB free
encoded shape: torch.Size([2, 262]), mem: 4192
Batch 41, 80.8% of total tokens
GPU 0: 20740 MB free
encoded shape: torch.Size([2, 422]), mem: 6752
Batch 42, 81.3% of total tokens
GPU 0: 20740 MB free
encoded shape: torch.Size([2, 2001]), mem: 32016
Batch 43, 83.9% of total tokens
GPU 0: 20740 MB free
encoded shape: torch.Size([2, 4096]), mem: 65536
Batch 44, 88.9% of total tokens
GPU 0: 16642 MB free
encoded shape: torch.Size([2, 1242]), mem: 19872
Batch 45, 90.4% of total tokens
GPU 0: 18692 MB free
encoded shape: torch.Size([2, 2094]), mem: 33504
Batch 46, 92.8% of total tokens
GPU 0: 20740 MB free
encoded shape: torch.Size([2, 306]), mem: 4896
Batch 47, 93.4% of total tokens
GPU 0: 20740 MB free
encoded shape: torch.Size([2, 511]), mem: 8176
Batch 48, 94.0% of total tokens
GPU 0: 20740 MB free
encoded shape: torch.Size([2, 4096]), mem: 65536
Batch 49, 99.1% of total tokens
GPU 0: 16644 MB free
encoded shape: torch.Size([2, 1650]), mem: 26400
Written to json file succesfully for 50 batches!

JOB STATISTICS
==============
Job ID: 4150280
Cluster: snellius
User/Group: tvdweij/tvdweij
State: COMPLETED (exit code 0)
Nodes: 1
Cores per node: 18
CPU Utilized: 00:00:40
CPU Efficiency: 4.04% of 00:16:30 core-walltime
Job Wall-clock time: 00:00:55
Memory Utilized: 1.18 GB
Memory Efficiency: 2.96% of 40.00 GB
