Iteration: 0
Iteration: 1
Iteration: 2
Iteration: 3
Iteration: 4
Iteration: 5
Iteration: 6
Iteration: 7
Iteration: 8
Iteration: 9
Iteration: 10
Iteration: 11
Iteration: 12
Iteration: 13
Iteration: 14
Iteration: 15
Iteration: 16
Iteration: 17
Iteration: 18
Iteration: 19
Iteration: 20
Iteration: 21
Iteration: 22
Iteration: 23
Iteration: 24
Iteration: 25
Iteration: 26
Iteration: 27
Iteration: 28
Iteration: 29
Iteration: 30
Iteration: 31
Iteration: 32
Iteration: 33
Iteration: 34
Iteration: 35
Iteration: 36
Iteration: 37
Iteration: 38
Iteration: 39
Iteration: 40
Iteration: 41
Iteration: 42
Iteration: 43
Iteration: 44
Iteration: 45
Iteration: 46
Iteration: 47
Iteration: 48
Iteration: 49
Iteration: 50
Iteration: 51
Iteration: 52
Iteration: 53
Iteration: 54
Iteration: 55
Iteration: 56
Iteration: 57
Iteration: 58
Iteration: 59
Iteration: 60
Iteration: 61
Iteration: 62
Iteration: 63
Iteration: 64
Iteration: 65
Iteration: 66
Iteration: 67
Iteration: 68
Iteration: 69
Iteration: 70
Iteration: 71
Iteration: 72
Iteration: 73
Iteration: 74
Iteration: 75
Iteration: 76
Iteration: 77
Iteration: 78
Iteration: 79
Iteration: 80
Iteration: 81
Iteration: 82
Iteration: 83
Iteration: 84
Iteration: 85
Iteration: 86
Iteration: 87
Iteration: 88
Iteration: 89
Iteration: 90
Iteration: 91
Iteration: 92
Iteration: 93
Iteration: 94
Iteration: 95
Iteration: 96
Iteration: 97
Iteration: 98
Iteration: 99
Iteration: 100

Average accuracy in %: 2.41


This is top1_acc: [0.016847172752022743, 0.0007824726053513587, 0.0, 0.01666666753590107, 0.027257239446043968, 0.01135190948843956, 0.029661016538739204, 0.01858736015856266, 0.05095541477203369, 0.047277938574552536, 0.011904762126505375, 0.0, 0.030136987566947937, 0.022857142612338066, 0.0, 0.0, 0.022080471739172935, 0.0, 0.0, 0.024658203125, 0.024752475321292877, 0.04219409078359604, 0.002518891589716077, 0.012285011820495129, 0.01137320976704359, 0.0, 0.0, 0.022058824077248573, 0.05511811003088951, 0.04597701132297516, 0.040419161319732666, 0.006734006572514772, 0.01694045215845108, 0.0013020833721384406, 0.0, 0.03883495181798935, 0.009230769239366055, 0.07421875, 0.025104600936174393, 0.019705727696418762, 0.09150326997041702, 0.024136651307344437, 0.022727273404598236, 0.0, 0.018214935436844826, 0.013409961014986038, 0.029274003580212593, 0.003173828125, 0.056179776787757874, 0.00413223123177886, 0.023333333432674408, 0.05882352963089943, 0.0, 0.018787359818816185, 0.0, 0.0, 0.03414634242653847, 0.02822580561041832, 0.01515151560306549, 0.03718459606170654, 0.0560000017285347, 0.032646048814058304, 0.03867403417825699, 0.011255411431193352, 0.017106201499700546, 0.08089888095855713, 0.0, 0.010009765625, 0.0, 0.03151862695813179, 0.025427261367440224, 0.006355931982398033, 0.025316454470157623, 0.05129870027303696, 0.040662650018930435, 0.009433962404727936, 0.03292682766914368, 0.013850415125489235, 0.00917431153357029, 0.0022271715570241213, 0.05739036202430725, 0.0004083299427293241, 0.023758098483085632, 0.03821656107902527, 0.005226480774581432, 0.02158273383975029, 0.003636363660916686, 0.027149321511387825, 0.03999999910593033, 0.023622047156095505, 0.1666666716337204, 0.061359867453575134, 0.0, 0.0030983733013272285, 0.04699738696217537, 0.016806723549962044, 0.0, 0.03619909659028053, 0.030517578125, 0.06809338182210922, 0.008124076761305332]

JOB STATISTICS
==============
Job ID: 4216341
Cluster: snellius
User/Group: tvdweij/tvdweij
State: COMPLETED (exit code 0)
Nodes: 1
Cores per node: 18
CPU Utilized: 00:00:39
CPU Efficiency: 4.01% of 00:16:12 core-walltime
Job Wall-clock time: 00:00:54
Memory Utilized: 3.29 GB
Memory Efficiency: 8.24% of 40.00 GB
