Normal Performance:
Output:
4
The output is `4`.
Output:
4
The output of the given code is:

4
Output:
4
The output of the code is:

4
The output is:
4
The output of the code is:

4
The output is:
```
4
```
The output is:
4


_______________
Cosine similarity
tensor([0.3918], device='cuda:0', dtype=torch.float16)
tensor([0.4553], device='cuda:0', dtype=torch.float16)
tensor([0.4326], device='cuda:0', dtype=torch.float16)
tensor([0.4937], device='cuda:0', dtype=torch.float16)
tensor([0.4592], device='cuda:0', dtype=torch.float16)
tensor([0.6455], device='cuda:0', dtype=torch.float16)


_______________
Normal performance
The output is:
3
The output is:

4
The output is:
4
The output is:
1

The output is:

3
Output:
The output of this code is `3`.

The output of the given code is:

3
Output: 5
The output of this code is:

5


_______________
Accuracy normal
total time: 25.168568674009293

This is top1_acc: [0.8398693203926086, 0.7783018946647644, 0.7659990191459656, 0.9340498447418213, 0.8371116518974304, 0.8803126811981201, 0.7410845160484314, 0.6969026327133179, 0.7195896506309509, 0.8994818925857544, 0.8453608155250549, 0.7887014150619507, 0.8563751578330994, 0.7571801543235779, 0.8158280253410339, 0.8436736464500427, 0.7164947986602783, 0.8099657893180847, 0.7368420958518982, 0.8424656987190247, 0.8261575698852539, 0.6487542986869812, 0.7271171808242798, 0.7982413172721863, 0.7635564208030701, 0.7987298369407654, 0.8754274845123291, 0.6891891956329346, 0.816316545009613, 0.818311870098114, 0.7386419177055359, 0.9039931893348694, 0.8009827733039856, 0.7479237914085388, 0.7453311085700989, 0.8339032530784607, 0.897948682308197, 0.7225207686424255, 0.7758985161781311, 0.8050805926322937, 0.6712328195571899, 0.8398385047912598, 0.8245382905006409, 0.787493884563446, 0.8478261232376099, 0.8239348530769348, 0.7709882855415344, 0.787269651889801, 0.6229507923126221, 0.6751343607902527, 0.7049340605735779, 0.7930505871772766, 0.5945285558700562, 0.8334147334098816, 0.8026315569877625, 0.8517823815345764, 0.7414553761482239, 0.88453608751297, 0.6686567068099976, 0.8548494577407837, 0.8729848265647888, 0.7184874415397644, 0.7717868685722351, 0.734245240688324, 0.7159863710403442, 0.7267683744430542, 0.7791890501976013, 0.790336549282074, 0.780548632144928, 0.6756756901741028, 0.7120252847671509, 0.8784893155097961, 0.7337567210197449, 0.824840784072876, 0.8252631425857544, 0.7964015603065491, 0.7739899158477783, 0.7350557446479797, 0.8432203531265259, 0.7556561231613159, 0.7910271286964417, 0.8268156051635742, 0.7515981793403625, 0.8538461327552795, 0.7726948261260986, 0.7910448312759399, 0.810239315032959, 0.8705422282218933, 0.7045454382896423, 0.6612902879714966, 0.8261287212371826, 0.8467966318130493, 0.8285714387893677, 0.7230092883110046, 0.8871519565582275, 0.9106144905090332, 0.7772194147109985, 0.7842046618461609, 0.8265754580497742, 0.7523204684257507]

incorrect Average accuracy in %: 78.66


_______________
Accuracy with activations
total time: 17.074528213124722

This is top1_acc: [0.761938750743866, 0.7651082873344421, 0.7127503752708435, 0.6238397359848022, 0.7210552096366882, 0.6683291792869568, 0.7269174456596375, 0.7209302186965942, 0.6805080771446228, 0.7906976938247681, 0.5843373537063599, 0.7371763586997986, 0.7415730357170105, 0.7225207686424255, 0.6761114001274109, 0.7701261043548584, 0.7587064504623413, 0.8075231909751892, 0.8573521971702576, 0.0, 0.7022968530654907, 0.7098723649978638, 0.6737925410270691, 0.6720343232154846, 0.0, 0.739740252494812, 0.6566314101219177, 0.7580201625823975, 0.6724225878715515, 0.6853932738304138, 0.0, 0.6769596338272095, 0.7580466270446777, 0.6905737519264221, 0.7264618873596191, 0.7893680930137634, 0.0, 0.740359902381897, 0.6852207183837891, 0.8083289265632629, 0.7699071764945984, 0.8069883584976196, 0.6653639674186707, 0.7059110999107361, 0.7760000228881836, 0.7210552096366882, 0.0, 0.6896736025810242, 0.7674645781517029, 0.7267605662345886, 0.6520763635635376, 0.7049340605735779, 0.7606112360954285, 0.6629213690757751, 0.8822667598724365, 0.7692307829856873, 0.6809728145599365, 0.597786009311676, 0.7183271646499634, 0.8486238121986389, 0.6472887396812439, 0.6169044971466064, 0.6405919790267944, 0.8812897205352783, 0.7349112629890442, 0.7581446170806885, 0.6305969953536987, 0.6918367147445679, 0.8246213793754578, 0.6650485396385193, 0.7370948195457458, 0.7692307829856873, 0.6937798857688904, 0.7601367831230164, 0.7659574151039124, 0.6189545392990112, 0.7914020419120789, 0.8974108695983887, 0.7609618306159973, 0.0, 0.6734854578971863, 0.6424035429954529, 0.6031390428543091, 0.7458100318908691, 0.7933561205863953, 0.5876777172088623, 0.6419558525085449, 0.7020029425621033, 0.804807722568512, 0.6226415038108826, 0.7534246444702148, 0.7713727355003357, 0.8071242570877075, 0.9066927433013916, 0.8109428286552429, 0.6663410067558289, 0.6274165511131287, 0.7063996195793152, 0.7645466327667236, 0.7827626466751099]

incorrect Average accuracy in %: 68.18

JOB STATISTICS
==============
Job ID: 4505867
Cluster: snellius
User/Group: tvdweij/tvdweij
State: COMPLETED (exit code 0)
Nodes: 1
Cores per node: 18
CPU Utilized: 00:01:14
CPU Efficiency: 4.42% of 00:27:54 core-walltime
Job Wall-clock time: 00:01:33
Memory Utilized: 1.46 GB
Memory Efficiency: 1.22% of 120.00 GB
